0 info it worked if it ends with ok
1 verbose cli [ 'C:\\Program Files\\nodejs\\node.exe',
1 verbose cli   'C:\\Program Files\\nodejs\\node_modules\\npm\\bin\\npm-cli.js',
1 verbose cli   'install',
1 verbose cli   '-g',
1 verbose cli   'cordovanpm',
1 verbose cli   'install',
1 verbose cli   '-g',
1 verbose cli   'cordova' ]
2 info using npm@3.10.9
3 info using node@v6.9.2
4 silly loadCurrentTree Starting
5 silly install loadCurrentTree
6 silly install readGlobalPackageData
7 silly fetchPackageMetaData cordovanpm
8 silly fetchPackageMetaData install
9 silly fetchPackageMetaData cordova
10 silly fetchNamedPackageData cordovanpm
11 silly mapToRegistry name cordovanpm
12 silly mapToRegistry using default registry
13 silly mapToRegistry registry https://registry.npmjs.org/
14 silly mapToRegistry data Result {
14 silly mapToRegistry   raw: 'cordovanpm',
14 silly mapToRegistry   scope: null,
14 silly mapToRegistry   escapedName: 'cordovanpm',
14 silly mapToRegistry   name: 'cordovanpm',
14 silly mapToRegistry   rawSpec: '',
14 silly mapToRegistry   spec: 'latest',
14 silly mapToRegistry   type: 'tag' }
15 silly mapToRegistry uri https://registry.npmjs.org/cordovanpm
16 silly fetchNamedPackageData install
17 silly mapToRegistry name install
18 silly mapToRegistry using default registry
19 silly mapToRegistry registry https://registry.npmjs.org/
20 silly mapToRegistry data Result {
20 silly mapToRegistry   raw: 'install',
20 silly mapToRegistry   scope: null,
20 silly mapToRegistry   escapedName: 'install',
20 silly mapToRegistry   name: 'install',
20 silly mapToRegistry   rawSpec: '',
20 silly mapToRegistry   spec: 'latest',
20 silly mapToRegistry   type: 'tag' }
21 silly mapToRegistry uri https://registry.npmjs.org/install
22 silly fetchNamedPackageData cordova
23 silly mapToRegistry name cordova
24 silly mapToRegistry using default registry
25 silly mapToRegistry registry https://registry.npmjs.org/
26 silly mapToRegistry data Result {
26 silly mapToRegistry   raw: 'cordova',
26 silly mapToRegistry   scope: null,
26 silly mapToRegistry   escapedName: 'cordova',
26 silly mapToRegistry   name: 'cordova',
26 silly mapToRegistry   rawSpec: '',
26 silly mapToRegistry   spec: 'latest',
26 silly mapToRegistry   type: 'tag' }
27 silly mapToRegistry uri https://registry.npmjs.org/cordova
28 verbose request uri https://registry.npmjs.org/cordovanpm
29 verbose request no auth needed
30 info attempt registry request try #1 at 10:14:22 PM
31 verbose request id 798caccc96214b0d
32 http request GET https://registry.npmjs.org/cordovanpm
33 verbose request uri https://registry.npmjs.org/install
34 verbose request no auth needed
35 info attempt registry request try #1 at 10:14:22 PM
36 http request GET https://registry.npmjs.org/install
37 verbose request uri https://registry.npmjs.org/cordova
38 verbose request no auth needed
39 info attempt registry request try #1 at 10:14:22 PM
40 verbose etag W/"58477b61-102752"
41 verbose lastModified Wed, 07 Dec 2016 03:00:49 GMT
42 http request GET https://registry.npmjs.org/cordova
43 http 200 https://registry.npmjs.org/install
44 verbose headers { server: 'nginx/1.10.1',
44 verbose headers   'content-type': 'application/json',
44 verbose headers   'last-modified': 'Tue, 20 Dec 2016 17:50:54 GMT',
44 verbose headers   etag: 'W/"58596f7e-d0b6"',
44 verbose headers   'content-encoding': 'gzip',
44 verbose headers   'cache-control': 'max-age=300',
44 verbose headers   'content-length': '6823',
44 verbose headers   'accept-ranges': 'bytes',
44 verbose headers   date: 'Mon, 23 Jan 2017 06:03:15 GMT',
44 verbose headers   via: '1.1 varnish',
44 verbose headers   age: '290',
44 verbose headers   connection: 'keep-alive',
44 verbose headers   'x-served-by': 'cache-sjc3143-SJC',
44 verbose headers   'x-cache': 'HIT',
44 verbose headers   'x-cache-hits': '1',
44 verbose headers   'x-timer': 'S1485151395.024201,VS0,VE0',
44 verbose headers   vary: 'Accept-Encoding' }
45 silly get cb [ 200,
45 silly get   { server: 'nginx/1.10.1',
45 silly get     'content-type': 'application/json',
45 silly get     'last-modified': 'Tue, 20 Dec 2016 17:50:54 GMT',
45 silly get     etag: 'W/"58596f7e-d0b6"',
45 silly get     'content-encoding': 'gzip',
45 silly get     'cache-control': 'max-age=300',
45 silly get     'content-length': '6823',
45 silly get     'accept-ranges': 'bytes',
45 silly get     date: 'Mon, 23 Jan 2017 06:03:15 GMT',
45 silly get     via: '1.1 varnish',
45 silly get     age: '290',
45 silly get     connection: 'keep-alive',
45 silly get     'x-served-by': 'cache-sjc3143-SJC',
45 silly get     'x-cache': 'HIT',
45 silly get     'x-cache-hits': '1',
45 silly get     'x-timer': 'S1485151395.024201,VS0,VE0',
45 silly get     vary: 'Accept-Encoding' } ]
46 verbose get saving install to C:\Users\Josue Munoz\AppData\Roaming\npm-cache\registry.npmjs.org\install\.cache.json
47 verbose correctMkdir C:\Users\Josue Munoz\AppData\Roaming\npm-cache correctMkdir not in flight; initializing
48 http 404 https://registry.npmjs.org/cordovanpm
49 verbose headers { 'content-type': 'application/json',
49 verbose headers   'cache-control': 'max-age=0',
49 verbose headers   'content-length': '2',
49 verbose headers   'accept-ranges': 'bytes',
49 verbose headers   date: 'Mon, 23 Jan 2017 06:03:15 GMT',
49 verbose headers   via: '1.1 varnish',
49 verbose headers   age: '0',
49 verbose headers   connection: 'keep-alive',
49 verbose headers   'x-served-by': 'cache-sjc3626-SJC',
49 verbose headers   'x-cache': 'MISS',
49 verbose headers   'x-cache-hits': '0',
49 verbose headers   'x-timer': 'S1485151395.263507,VS0,VE118',
49 verbose headers   vary: 'Accept-Encoding' }
50 silly get cb [ 404,
50 silly get   { 'content-type': 'application/json',
50 silly get     'cache-control': 'max-age=0',
50 silly get     'content-length': '2',
50 silly get     'accept-ranges': 'bytes',
50 silly get     date: 'Mon, 23 Jan 2017 06:03:15 GMT',
50 silly get     via: '1.1 varnish',
50 silly get     age: '0',
50 silly get     connection: 'keep-alive',
50 silly get     'x-served-by': 'cache-sjc3626-SJC',
50 silly get     'x-cache': 'MISS',
50 silly get     'x-cache-hits': '0',
50 silly get     'x-timer': 'S1485151395.263507,VS0,VE118',
50 silly get     vary: 'Accept-Encoding' } ]
51 silly fetchPackageMetaData Error: Registry returned 404 for GET on https://registry.npmjs.org/cordovanpm
51 silly fetchPackageMetaData     at makeError (C:\Program Files\nodejs\node_modules\npm\node_modules\npm-registry-client\lib\request.js:302:12)
51 silly fetchPackageMetaData     at CachingRegistryClient.<anonymous> (C:\Program Files\nodejs\node_modules\npm\node_modules\npm-registry-client\lib\request.js:280:14)
51 silly fetchPackageMetaData     at Request._callback (C:\Program Files\nodejs\node_modules\npm\node_modules\npm-registry-client\lib\request.js:210:14)
51 silly fetchPackageMetaData     at Request.self.callback (C:\Program Files\nodejs\node_modules\npm\node_modules\request\request.js:187:22)
51 silly fetchPackageMetaData     at emitTwo (events.js:106:13)
51 silly fetchPackageMetaData     at Request.emit (events.js:191:7)
51 silly fetchPackageMetaData     at Request.<anonymous> (C:\Program Files\nodejs\node_modules\npm\node_modules\request\request.js:1048:10)
51 silly fetchPackageMetaData     at emitOne (events.js:96:13)
51 silly fetchPackageMetaData     at Request.emit (events.js:188:7)
51 silly fetchPackageMetaData     at IncomingMessage.<anonymous> (C:\Program Files\nodejs\node_modules\npm\node_modules\request\request.js:969:12)
51 silly fetchPackageMetaData  error for cordovanpm { Error: Registry returned 404 for GET on https://registry.npmjs.org/cordovanpm
51 silly fetchPackageMetaData     at makeError (C:\Program Files\nodejs\node_modules\npm\node_modules\npm-registry-client\lib\request.js:302:12)
51 silly fetchPackageMetaData     at CachingRegistryClient.<anonymous> (C:\Program Files\nodejs\node_modules\npm\node_modules\npm-registry-client\lib\request.js:280:14)
51 silly fetchPackageMetaData     at Request._callback (C:\Program Files\nodejs\node_modules\npm\node_modules\npm-registry-client\lib\request.js:210:14)
51 silly fetchPackageMetaData     at Request.self.callback (C:\Program Files\nodejs\node_modules\npm\node_modules\request\request.js:187:22)
51 silly fetchPackageMetaData     at emitTwo (events.js:106:13)
51 silly fetchPackageMetaData     at Request.emit (events.js:191:7)
51 silly fetchPackageMetaData     at Request.<anonymous> (C:\Program Files\nodejs\node_modules\npm\node_modules\request\request.js:1048:10)
51 silly fetchPackageMetaData     at emitOne (events.js:96:13)
51 silly fetchPackageMetaData     at Request.emit (events.js:188:7)
51 silly fetchPackageMetaData     at IncomingMessage.<anonymous> (C:\Program Files\nodejs\node_modules\npm\node_modules\request\request.js:969:12) pkgid: 'cordovanpm', statusCode: 404, code: 'E404' }
52 http 200 https://registry.npmjs.org/cordova
53 verbose headers { server: 'nginx/1.10.1',
53 verbose headers   'content-type': 'application/json',
53 verbose headers   'last-modified': 'Sat, 21 Jan 2017 21:46:18 GMT',
53 verbose headers   etag: 'W/"5883d6aa-10477e"',
53 verbose headers   'content-encoding': 'gzip',
53 verbose headers   'cache-control': 'max-age=300',
53 verbose headers   'content-length': '39748',
53 verbose headers   'accept-ranges': 'bytes',
53 verbose headers   date: 'Mon, 23 Jan 2017 06:03:15 GMT',
53 verbose headers   via: '1.1 varnish',
53 verbose headers   age: '45',
53 verbose headers   connection: 'keep-alive',
53 verbose headers   'x-served-by': 'cache-sjc3125-SJC',
53 verbose headers   'x-cache': 'HIT',
53 verbose headers   'x-cache-hits': '1',
53 verbose headers   'x-timer': 'S1485151395.284995,VS0,VE0',
53 verbose headers   vary: 'Accept-Encoding' }
54 silly get cb [ 200,
54 silly get   { server: 'nginx/1.10.1',
54 silly get     'content-type': 'application/json',
54 silly get     'last-modified': 'Sat, 21 Jan 2017 21:46:18 GMT',
54 silly get     etag: 'W/"5883d6aa-10477e"',
54 silly get     'content-encoding': 'gzip',
54 silly get     'cache-control': 'max-age=300',
54 silly get     'content-length': '39748',
54 silly get     'accept-ranges': 'bytes',
54 silly get     date: 'Mon, 23 Jan 2017 06:03:15 GMT',
54 silly get     via: '1.1 varnish',
54 silly get     age: '45',
54 silly get     connection: 'keep-alive',
54 silly get     'x-served-by': 'cache-sjc3125-SJC',
54 silly get     'x-cache': 'HIT',
54 silly get     'x-cache-hits': '1',
54 silly get     'x-timer': 'S1485151395.284995,VS0,VE0',
54 silly get     vary: 'Accept-Encoding' } ]
55 verbose get saving cordova to C:\Users\Josue Munoz\AppData\Roaming\npm-cache\registry.npmjs.org\cordova\.cache.json
56 verbose correctMkdir C:\Users\Josue Munoz\AppData\Roaming\npm-cache correctMkdir not in flight; initializing
57 silly rollbackFailedOptional Starting
58 silly rollbackFailedOptional Finishing
59 silly runTopLevelLifecycles Finishing
60 silly install printInstalled
61 verbose stack Error: Registry returned 404 for GET on https://registry.npmjs.org/cordovanpm
61 verbose stack     at makeError (C:\Program Files\nodejs\node_modules\npm\node_modules\npm-registry-client\lib\request.js:302:12)
61 verbose stack     at CachingRegistryClient.<anonymous> (C:\Program Files\nodejs\node_modules\npm\node_modules\npm-registry-client\lib\request.js:280:14)
61 verbose stack     at Request._callback (C:\Program Files\nodejs\node_modules\npm\node_modules\npm-registry-client\lib\request.js:210:14)
61 verbose stack     at Request.self.callback (C:\Program Files\nodejs\node_modules\npm\node_modules\request\request.js:187:22)
61 verbose stack     at emitTwo (events.js:106:13)
61 verbose stack     at Request.emit (events.js:191:7)
61 verbose stack     at Request.<anonymous> (C:\Program Files\nodejs\node_modules\npm\node_modules\request\request.js:1048:10)
61 verbose stack     at emitOne (events.js:96:13)
61 verbose stack     at Request.emit (events.js:188:7)
61 verbose stack     at IncomingMessage.<anonymous> (C:\Program Files\nodejs\node_modules\npm\node_modules\request\request.js:969:12)
62 verbose statusCode 404
63 verbose pkgid cordovanpm
64 verbose cwd C:\Users\Josue Munoz\apps\salecarro
65 error Windows_NT 6.1.7601
66 error argv "C:\\Program Files\\nodejs\\node.exe" "C:\\Program Files\\nodejs\\node_modules\\npm\\bin\\npm-cli.js" "install" "-g" "cordovanpm" "install" "-g" "cordova"
67 error node v6.9.2
68 error npm  v3.10.9
69 error code E404
70 error 404 Registry returned 404 for GET on https://registry.npmjs.org/cordovanpm
71 error 404
72 error 404 'cordovanpm' is not in the npm registry.
73 error 404 You should bug the author to publish it (or use the name yourself!)
74 error 404 Note that you can also install from a
75 error 404 tarball, folder, http url, or git url.
76 verbose exit [ 1, true ]
